License :: OSI Approved :: Academic Free License (AFL)
License :: OSI Approved :: Apache Software License
License :: OSI Approved :: Apple Public Source License
License :: OSI Approved :: Artistic License
License :: OSI Approved :: Attribution Assurance License
License :: OSI Approved :: BSD License
License :: OSI Approved :: Common Public License
License :: OSI Approved :: Eiffel Forum License
License :: OSI Approved :: European Union Public Licence 1.0 (EUPL 1.0)
License :: OSI Approved :: European Union Public Licence 1.1 (EUPL 1.1)
License :: OSI Approved :: GNU Affero General Public License v3
License :: OSI Approved :: GNU Affero General Public License v3 or later (AGPLv3+)
License :: OSI Approved :: GNU Free Documentation License (FDL)
License :: OSI Approved :: GNU General Public License (GPL)
License :: OSI Approved :: GNU General Public License v2 (GPLv2)
License :: OSI Approved :: GNU General Public License v2 or later (GPLv2+)
License :: OSI Approved :: GNU General Public License v3 (GPLv3)
License :: OSI Approved :: GNU General Public License v3 or later (GPLv3+)
License :: OSI Approved :: GNU Lesser General Public License v2 (LGPLv2)
License :: OSI Approved :: GNU Lesser General Public License v2 or later (LGPLv2+)
License :: OSI Approved :: GNU Lesser General Public License v3 (LGPLv3)
License :: OSI Approved :: GNU Lesser General Public License v3 or later (LGPLv3+)
License :: OSI Approved :: GNU Library or Lesser General Public License (LGPL)
License :: OSI Approved :: IBM Public License
License :: OSI Approved :: Intel Open Source License
License :: OSI Approved :: ISC License (ISCL)
License :: OSI Approved :: Jabber Open Source License
License :: OSI Approved :: MIT License
License :: OSI Approved :: MITRE Collaborative Virtual Workspace License (CVW)
License :: OSI Approved :: Motosoto License
License :: OSI Approved :: Mozilla Public License 1.0 (MPL)
License :: OSI Approved :: Mozilla Public License 1.1 (MPL 1.1)
License :: OSI Approved :: Mozilla Public License 2.0 (MPL 2.0)
License :: OSI Approved :: Nethack General Public License
License :: OSI Approved :: Nokia Open Source License
License :: OSI Approved :: Open Group Test Suite License
License :: OSI Approved :: Python License (CNRI Python License)
License :: OSI Approved :: Python Software Foundation License
License :: OSI Approved :: Qt Public License (QPL)
License :: OSI Approved :: Ricoh Source Code Public License
License :: OSI Approved :: Sleepycat License
License :: OSI Approved :: Sun Industry Standards Source License (SISSL)
License :: OSI Approved :: Sun Public License
License :: OSI Approved :: University of Illinois/NCSA Open Source License
License :: OSI Approved :: Vovida Software License 1.0
License :: OSI Approved :: W3C License
License :: OSI Approved :: X.Net License
License :: OSI Approved :: zlib/libpng License
License :: OSI Approved :: Zope Public License
License :: Other/Proprietary License
